# JRE version: OpenJDK Runtime Environment Temurin-21.0.10+7 (21.0.10+7) (build 21.0.10+7-LTS)
# Java VM: OpenJDK 64-Bit Server VM Temurin-21.0.10+7 (21.0.10+7-LTS, mixed mode, sharing, tiered, compressed oops, compressed class ptrs, parallel gc, windows-amd64)
GC Precious Log:
 CardTable entry size: 512
 CPUs: 8 total, 8 available
 Memory: 7877M
 Large Page Support: Disabled
 NUMA Support: Disabled
 Compressed Oops: Enabled (32-bit)
 Alignments: Space 512K, Generation 512K, Heap 2M
 Heap Min Capacity: 100M
 Heap Initial Capacity: 100M
 Heap Max Capacity: 2G
 Pre-touch: Disabled
 Parallel Workers: 8
Heap:
 PSYoungGen      total 5120K, used 1466K [0x00000000d5580000, 0x00000000d6000000, 0x0000000100000000)
  eden space 4096K, 17% used [0x00000000d5580000,0x00000000d56329b8,0x00000000d5980000)
  from space 1024K, 73% used [0x00000000d5f00000,0x00000000d5fbc000,0x00000000d6000000)
  to   space 2560K, 0% used [0x00000000d5b00000,0x00000000d5b00000,0x00000000d5d80000)
 ParOldGen       total 509952K, used 509850K [0x0000000080000000, 0x000000009f200000, 0x00000000d5580000)
  object space 509952K, 99% used [0x0000000080000000,0x000000009f1e69d0,0x000000009f200000)
 Metaspace       used 72546K, committed 73984K, reserved 1179648K
  class space    used 7709K, committed 8320K, reserved 1048576K
GC Heap History (20 events):
Event: 442.800 GC heap before
{Heap before GC invocations=666 (full 3):
 PSYoungGen      total 4608K, used 4608K [0x00000000d5580000, 0x00000000d5d80000, 0x0000000100000000)
  eden space 4096K, 100% used [0x00000000d5580000,0x00000000d5980000,0x00000000d5980000)
  from space 512K, 100% used [0x00000000d5d00000,0x00000000d5d80000,0x00000000d5d80000)
  to   space 1024K, 0% used [0x00000000d5b80000,0x00000000d5b80000,0x00000000d5c80000)
 ParOldGen       total 498176K, used 497770K [0x0000000080000000, 0x000000009e680000, 0x00000000d5580000)
  object space 498176K, 99% used [0x0000000080000000,0x000000009e61abd0,0x000000009e680000)
 Metaspace       used 72317K, committed 73792K, reserved 1179648K
  class space    used 7707K, committed 8320K, reserved 1048576K
}
Event: 442.801 GC heap after
{Heap after GC invocations=666 (full 3):
 PSYoungGen      total 5120K, used 288K [0x00000000d5580000, 0x00000000d5d80000, 0x0000000100000000)
  eden space 4096K, 0% used [0x00000000d5580000,0x00000000d5580000,0x00000000d5980000)
  from space 1024K, 28% used [0x00000000d5b80000,0x00000000d5bc8000,0x00000000d5c80000)
  to   space 512K, 0% used [0x00000000d5d00000,0x00000000d5d00000,0x00000000d5d80000)
 ParOldGen       total 498176K, used 498002K [0x0000000080000000, 0x000000009e680000, 0x00000000d5580000)
  object space 498176K, 99% used [0x0000000080000000,0x000000009e654bd0,0x000000009e680000)
 Metaspace       used 72317K, committed 73792K, reserved 1179648K
  class space    used 7707K, committed 8320K, reserved 1048576K
}
Event: 443.139 GC heap before
{Heap before GC invocations=667 (full 3):
 PSYoungGen      total 5120K, used 4384K [0x00000000d5580000, 0x00000000d5d80000, 0x0000000100000000)
  eden space 4096K, 100% used [0x00000000d5580000,0x00000000d5980000,0x00000000d5980000)
  from space 1024K, 28% used [0x00000000d5b80000,0x00000000d5bc8000,0x00000000d5c80000)
  to   space 512K, 0% used [0x00000000d5d00000,0x00000000d5d00000,0x00000000d5d80000)
 ParOldGen       total 498176K, used 498002K [0x0000000080000000, 0x000000009e680000, 0x00000000d5580000)
  object space 498176K, 99% used [0x0000000080000000,0x000000009e654bd0,0x000000009e680000)
 Metaspace       used 72356K, committed 73856K, reserved 1179648K
  class space    used 7708K, committed 8320K, reserved 1048576K
}
Event: 443.141 GC heap after
{Heap after GC invocations=667 (full 3):
 PSYoungGen      total 4608K, used 512K [0x00000000d5580000, 0x00000000d5d80000, 0x0000000100000000)
  eden space 4096K, 0% used [0x00000000d5580000,0x00000000d5580000,0x00000000d5980000)
  from space 512K, 100% used [0x00000000d5d00000,0x00000000d5d80000,0x00000000d5d80000)
  to   space 1024K, 0% used [0x00000000d5b80000,0x00000000d5b80000,0x00000000d5c80000)
 ParOldGen       total 498176K, used 498161K [0x0000000080000000, 0x000000009e680000, 0x00000000d5580000)
  object space 498176K, 99% used [0x0000000080000000,0x000000009e67c620,0x000000009e680000)
 Metaspace       used 72356K, committed 73856K, reserved 1179648K
  class space    used 7708K, committed 8320K, reserved 1048576K
}
Event: 443.264 GC heap before
{Heap before GC invocations=668 (full 3):
 PSYoungGen      total 4608K, used 4607K [0x00000000d5580000, 0x00000000d5d80000, 0x0000000100000000)
  eden space 4096K, 99% used [0x00000000d5580000,0x00000000d597ffe0,0x00000000d5980000)
  from space 512K, 100% used [0x00000000d5d00000,0x00000000d5d80000,0x00000000d5d80000)
  to   space 1024K, 0% used [0x00000000d5b80000,0x00000000d5b80000,0x00000000d5c80000)
 ParOldGen       total 498176K, used 498161K [0x0000000080000000, 0x000000009e680000, 0x00000000d5580000)
  object space 498176K, 99% used [0x0000000080000000,0x000000009e67c620,0x000000009e680000)
 Metaspace       used 72386K, committed 73856K, reserved 1179648K
  class space    used 7708K, committed 8320K, reserved 1048576K
}
Event: 443.266 GC heap after
{Heap after GC invocations=668 (full 3):
 PSYoungGen      total 5120K, used 560K [0x00000000d5580000, 0x00000000d5d80000, 0x0000000100000000)
  eden space 4096K, 0% used [0x00000000d5580000,0x00000000d5580000,0x00000000d5980000)
  from space 1024K, 54% used [0x00000000d5b80000,0x00000000d5c0c010,0x00000000d5c80000)
  to   space 1024K, 0% used [0x00000000d5c80000,0x00000000d5c80000,0x00000000d5d80000)
 ParOldGen       total 498688K, used 498569K [0x0000000080000000, 0x000000009e700000, 0x00000000d5580000)
  object space 498688K, 99% used [0x0000000080000000,0x000000009e6e2620,0x000000009e700000)
 Metaspace       used 72386K, committed 73856K, reserved 1179648K
  class space    used 7708K, committed 8320K, reserved 1048576K
}
Event: 443.770 GC heap before
{Heap before GC invocations=669 (full 3):
 PSYoungGen      total 5120K, used 4656K [0x00000000d5580000, 0x00000000d5d80000, 0x0000000100000000)
  eden space 4096K, 100% used [0x00000000d5580000,0x00000000d5980000,0x00000000d5980000)
  from space 1024K, 54% used [0x00000000d5b80000,0x00000000d5c0c010,0x00000000d5c80000)
  to   space 1024K, 0% used [0x00000000d5c80000,0x00000000d5c80000,0x00000000d5d80000)
 ParOldGen       total 498688K, used 498569K [0x0000000080000000, 0x000000009e700000, 0x00000000d5580000)
  object space 498688K, 99% used [0x0000000080000000,0x000000009e6e2620,0x000000009e700000)
 Metaspace       used 72427K, committed 73920K, reserved 1179648K
  class space    used 7708K, committed 8320K, reserved 1048576K
}
Event: 443.772 GC heap after
{Heap after GC invocations=669 (full 3):
 PSYoungGen      total 5120K, used 768K [0x00000000d5580000, 0x00000000d5d80000, 0x0000000100000000)
  eden space 4096K, 0% used [0x00000000d5580000,0x00000000d5580000,0x00000000d5980000)
  from space 1024K, 75% used [0x00000000d5c80000,0x00000000d5d40000,0x00000000d5d80000)
  to   space 1024K, 0% used [0x00000000d5b80000,0x00000000d5b80000,0x00000000d5c80000)
 ParOldGen       total 498688K, used 498585K [0x0000000080000000, 0x000000009e700000, 0x00000000d5580000)
  object space 498688K, 99% used [0x0000000080000000,0x000000009e6e6620,0x000000009e700000)
 Metaspace       used 72427K, committed 73920K, reserved 1179648K
  class space    used 7708K, committed 8320K, reserved 1048576K
}
Event: 444.827 GC heap before
{Heap before GC invocations=670 (full 3):
 PSYoungGen      total 5120K, used 4864K [0x00000000d5580000, 0x00000000d5d80000, 0x0000000100000000)
  eden space 4096K, 100% used [0x00000000d5580000,0x00000000d5980000,0x00000000d5980000)
  from space 1024K, 75% used [0x00000000d5c80000,0x00000000d5d40000,0x00000000d5d80000)
  to   space 1024K, 0% used [0x00000000d5b80000,0x00000000d5b80000,0x00000000d5c80000)
 ParOldGen       total 498688K, used 498585K [0x0000000080000000, 0x000000009e700000, 0x00000000d5580000)
  object space 498688K, 99% used [0x0000000080000000,0x000000009e6e6620,0x000000009e700000)
 Metaspace       used 72433K, committed 73920K, reserved 1179648K
  class space    used 7708K, committed 8320K, reserved 1048576K
}
Event: 444.832 GC heap after
{Heap after GC invocations=670 (full 3):
 PSYoungGen      total 5120K, used 192K [0x00000000d5580000, 0x00000000d5d00000, 0x0000000100000000)
  eden space 4096K, 0% used [0x00000000d5580000,0x00000000d5580000,0x00000000d5980000)
  from space 1024K, 18% used [0x00000000d5b80000,0x00000000d5bb0000,0x00000000d5c80000)
  to   space 512K, 0% used [0x00000000d5c80000,0x00000000d5c80000,0x00000000d5d00000)
 ParOldGen       total 499200K, used 499126K [0x0000000080000000, 0x000000009e780000, 0x00000000d5580000)
  object space 499200K, 99% used [0x0000000080000000,0x000000009e76dab0,0x000000009e780000)
 Metaspace       used 72433K, committed 73920K, reserved 1179648K
  class space    used 7708K, committed 8320K, reserved 1048576K
}
Event: 445.045 GC heap before
{Heap before GC invocations=671 (full 3):
 PSYoungGen      total 5120K, used 4288K [0x00000000d5580000, 0x00000000d5d00000, 0x0000000100000000)
  eden space 4096K, 100% used [0x00000000d5580000,0x00000000d5980000,0x00000000d5980000)
  from space 1024K, 18% used [0x00000000d5b80000,0x00000000d5bb0000,0x00000000d5c80000)
  to   space 512K, 0% used [0x00000000d5c80000,0x00000000d5c80000,0x00000000d5d00000)
 ParOldGen       total 499200K, used 499126K [0x0000000080000000, 0x000000009e780000, 0x00000000d5580000)
  object space 499200K, 99% used [0x0000000080000000,0x000000009e76dab0,0x000000009e780000)
 Metaspace       used 72492K, committed 73984K, reserved 1179648K
  class space    used 7708K, committed 8320K, reserved 1048576K
}
Event: 445.048 GC heap after
{Heap after GC invocations=671 (full 3):
 PSYoungGen      total 4608K, used 505K [0x00000000d5580000, 0x00000000d5d80000, 0x0000000100000000)
  eden space 4096K, 0% used [0x00000000d5580000,0x00000000d5580000,0x00000000d5980000)
  from space 512K, 98% used [0x00000000d5c80000,0x00000000d5cfe630,0x00000000d5d00000)
  to   space 2048K, 0% used [0x00000000d5980000,0x00000000d5980000,0x00000000d5b80000)
 ParOldGen       total 500736K, used 500384K [0x0000000080000000, 0x000000009e900000, 0x00000000d5580000)
  object space 500736K, 99% used [0x0000000080000000,0x000000009e8a80e0,0x000000009e900000)
 Metaspace       used 72492K, committed 73984K, reserved 1179648K
  class space    used 7708K, committed 8320K, reserved 1048576K
}
Event: 445.062 GC heap before
{Heap before GC invocations=672 (full 3):
 PSYoungGen      total 4608K, used 4601K [0x00000000d5580000, 0x00000000d5d80000, 0x0000000100000000)
  eden space 4096K, 100% used [0x00000000d5580000,0x00000000d5980000,0x00000000d5980000)
  from space 512K, 98% used [0x00000000d5c80000,0x00000000d5cfe630,0x00000000d5d00000)
  to   space 2048K, 0% used [0x00000000d5980000,0x00000000d5980000,0x00000000d5b80000)
 ParOldGen       total 500736K, used 500384K [0x0000000080000000, 0x000000009e900000, 0x00000000d5580000)
  object space 500736K, 99% used [0x0000000080000000,0x000000009e8a80e0,0x000000009e900000)
 Metaspace       used 72492K, committed 73984K, reserved 1179648K
  class space    used 7708K, committed 8320K, reserved 1048576K
}
Event: 446.065 GC heap after
{Heap after GC invocations=672 (full 3):
 PSYoungGen      total 6144K, used 2036K [0x00000000d5580000, 0x00000000d6480000, 0x0000000100000000)
  eden space 4096K, 0% used [0x00000000d5580000,0x00000000d5580000,0x00000000d5980000)
  from space 2048K, 99% used [0x00000000d5980000,0x00000000d5b7d000,0x00000000d5b80000)
  to   space 5632K, 0% used [0x00000000d5f00000,0x00000000d5f00000,0x00000000d6480000)
 ParOldGen       total 503296K, used 503019K [0x0000000080000000, 0x000000009eb80000, 0x00000000d5580000)
  object space 503296K, 99% used [0x0000000080000000,0x000000009eb3ad50,0x000000009eb80000)
 Metaspace       used 72492K, committed 73984K, reserved 1179648K
  class space    used 7708K, committed 8320K, reserved 1048576K
}
Event: 446.102 GC heap before
{Heap before GC invocations=673 (full 3):
 PSYoungGen      total 6144K, used 6132K [0x00000000d5580000, 0x00000000d6480000, 0x0000000100000000)
  eden space 4096K, 100% used [0x00000000d5580000,0x00000000d5980000,0x00000000d5980000)
  from space 2048K, 99% used [0x00000000d5980000,0x00000000d5b7d000,0x00000000d5b80000)
  to   space 5632K, 0% used [0x00000000d5f00000,0x00000000d5f00000,0x00000000d6480000)
 ParOldGen       total 503296K, used 503019K [0x0000000080000000, 0x000000009eb80000, 0x00000000d5580000)
  object space 503296K, 99% used [0x0000000080000000,0x000000009eb3ad50,0x000000009eb80000)
 Metaspace       used 72511K, committed 73984K, reserved 1179648K
  class space    used 7708K, committed 8320K, reserved 1048576K
}
Event: 446.107 GC heap after
{Heap after GC invocations=673 (full 3):
 PSYoungGen      total 6656K, used 2352K [0x00000000d5580000, 0x00000000d6180000, 0x0000000100000000)
  eden space 4096K, 0% used [0x00000000d5580000,0x00000000d5580000,0x00000000d5980000)
  from space 2560K, 91% used [0x00000000d5f00000,0x00000000d614c000,0x00000000d6180000)
  to   space 3584K, 0% used [0x00000000d5a80000,0x00000000d5a80000,0x00000000d5e00000)
 ParOldGen       total 505344K, used 505011K [0x0000000080000000, 0x000000009ed80000, 0x00000000d5580000)
  object space 505344K, 99% used [0x0000000080000000,0x000000009ed2cd50,0x000000009ed80000)
 Metaspace       used 72511K, committed 73984K, reserved 1179648K
  class space    used 7708K, committed 8320K, reserved 1048576K
}
Event: 446.136 GC heap before
{Heap before GC invocations=674 (full 3):
 PSYoungGen      total 6656K, used 6363K [0x00000000d5580000, 0x00000000d6180000, 0x0000000100000000)
  eden space 4096K, 97% used [0x00000000d5580000,0x00000000d596ac50,0x00000000d5980000)
  from space 2560K, 91% used [0x00000000d5f00000,0x00000000d614c000,0x00000000d6180000)
  to   space 3584K, 0% used [0x00000000d5a80000,0x00000000d5a80000,0x00000000d5e00000)
 ParOldGen       total 505344K, used 505011K [0x0000000080000000, 0x000000009ed80000, 0x00000000d5580000)
  object space 505344K, 99% used [0x0000000080000000,0x000000009ed2cd50,0x000000009ed80000)
 Metaspace       used 72522K, committed 73984K, reserved 1179648K
  class space    used 7708K, committed 8320K, reserved 1048576K
}
Event: 446.141 GC heap after
{Heap after GC invocations=674 (full 3):
 PSYoungGen      total 7680K, used 3567K [0x00000000d5580000, 0x00000000d6480000, 0x0000000100000000)
  eden space 4096K, 0% used [0x00000000d5580000,0x00000000d5580000,0x00000000d5980000)
  from space 3584K, 99% used [0x00000000d5a80000,0x00000000d5dfbc70,0x00000000d5e00000)
  to   space 5632K, 0% used [0x00000000d5f00000,0x00000000d5f00000,0x00000000d6480000)
 ParOldGen       total 506880K, used 506467K [0x0000000080000000, 0x000000009ef00000, 0x00000000d5580000)
  object space 506880K, 99% used [0x0000000080000000,0x000000009ee98d60,0x000000009ef00000)
 Metaspace       used 72522K, committed 73984K, reserved 1179648K
  class space    used 7708K, committed 8320K, reserved 1048576K
}
Event: 446.208 GC heap before
{Heap before GC invocations=675 (full 3):
 PSYoungGen      total 7680K, used 7663K [0x00000000d5580000, 0x00000000d6480000, 0x0000000100000000)
  eden space 4096K, 100% used [0x00000000d5580000,0x00000000d5980000,0x00000000d5980000)
  from space 3584K, 99% used [0x00000000d5a80000,0x00000000d5dfbc70,0x00000000d5e00000)
  to   space 5632K, 0% used [0x00000000d5f00000,0x00000000d5f00000,0x00000000d6480000)
 ParOldGen       total 506880K, used 506467K [0x0000000080000000, 0x000000009ef00000, 0x00000000d5580000)
  object space 506880K, 99% used [0x0000000080000000,0x000000009ee98d60,0x000000009ef00000)
 Metaspace       used 72540K, committed 73984K, reserved 1179648K
  class space    used 7708K, committed 8320K, reserved 1048576K
}
Event: 446.215 GC heap after
{Heap after GC invocations=675 (full 3):
 PSYoungGen      total 5120K, used 752K [0x00000000d5580000, 0x00000000d6000000, 0x0000000100000000)
  eden space 4096K, 0% used [0x00000000d5580000,0x00000000d5580000,0x00000000d5980000)
  from space 1024K, 73% used [0x00000000d5f00000,0x00000000d5fbc000,0x00000000d6000000)
  to   space 2560K, 0% used [0x00000000d5b00000,0x00000000d5b00000,0x00000000d5d80000)
 ParOldGen       total 509952K, used 509850K [0x0000000080000000, 0x000000009f200000, 0x00000000d5580000)
  object space 509952K, 99% used [0x0000000080000000,0x000000009f1e69d0,0x000000009f200000)
 Metaspace       used 72540K, committed 73984K, reserved 1179648K
  class space    used 7708K, committed 8320K, reserved 1048576K
}

